I, [2020-02-24T13:57:48.326355 #15060]  INFO -- : Received OPTIONS request for mock service administration endpoint DELETE /interactions. Returning CORS headers: {"Access-Control-Allow-Origin"=>"http://localhost:9876", "Access-Control-Allow-Headers"=>"content-type,x-pact-mock-service", "Access-Control-Allow-Methods"=>"DELETE, POST, GET, HEAD, PUT, TRACE, CONNECT, PATCH"}.
I, [2020-02-24T13:57:48.332370 #15060]  INFO -- : Cleared interactions
I, [2020-02-24T13:57:48.340086 #15060]  INFO -- : Registered expected interaction POST /api/receipt
D, [2020-02-24T13:57:48.340644 #15060] DEBUG -- : {
  "description": "Ask for receipt",
  "request": {
    "method": "POST",
    "path": "/api/receipt",
    "body": [
      {
        "fruit": "Pears",
        "quantity": 12
      }
    ]
  },
  "response": {
    "status": 200,
    "headers": {
      "Content-Type": "application/json"
    },
    "body": {
      "json_class": "Pact::SomethingLike",
      "contents": {
        "items": [
          {
            "fruit": "Pommes",
            "quantity": 2,
            "total": 200
          },
          {
            "fruit": "Bananes",
            "quantity": 3,
            "total": 450
          },
          {
            "fruit": "Cerises",
            "quantity": 1,
            "total": 75
          }
        ],
        "discounts": [
          {
            "name": "5 fruits a day",
            "amount": 100
          },
          {
            "name": "Apples lover",
            "amount": 200
          }
        ],
        "total": 525
      }
    }
  },
  "metadata": null
}
I, [2020-02-24T13:57:48.367413 #15060]  INFO -- : Received request POST /api/receipt
D, [2020-02-24T13:57:48.367715 #15060] DEBUG -- : {
  "path": "/api/receipt",
  "query": "",
  "method": "post",
  "body": [
    {
      "fruit": "Pears",
      "quantity": 12
    }
  ],
  "headers": {
    "Content-Length": "33",
    "Content-Type": "application/json",
    "X-Forwarded-Host": "localhost:9876",
    "X-Forwarded-Proto": "http",
    "X-Forwarded-Port": "9876",
    "X-Forwarded-For": "127.0.0.1",
    "Cookie": "io=cg9ND2f31-_-wuMRAAAA",
    "Accept-Language": "fr-FR,fr;q=0.9,en-US;q=0.8,en;q=0.7",
    "Accept-Encoding": "gzip, deflate, br",
    "Referer": "http://localhost:9876/context.html",
    "Sec-Fetch-Mode": "cors",
    "Sec-Fetch-Site": "same-origin",
    "User-Agent": "Mozilla/5.0 (X11; Linux x86_64) AppleWebKit/537.36 (KHTML, like Gecko) Chrome/80.0.3987.116 Safari/537.36",
    "Sec-Fetch-Dest": "empty",
    "Origin": "http://localhost:9876",
    "Accept": "application/json, text/plain, */*",
    "Connection": "close",
    "Host": "localhost:9876",
    "Version": "HTTP/1.1"
  }
}
I, [2020-02-24T13:57:48.368472 #15060]  INFO -- : Found matching response for POST /api/receipt
D, [2020-02-24T13:57:48.368705 #15060] DEBUG -- : {
  "status": 200,
  "headers": {
    "Content-Type": "application/json"
  },
  "body": {
    "json_class": "Pact::SomethingLike",
    "contents": {
      "items": [
        {
          "fruit": "Pommes",
          "quantity": 2,
          "total": 200
        },
        {
          "fruit": "Bananes",
          "quantity": 3,
          "total": 450
        },
        {
          "fruit": "Cerises",
          "quantity": 1,
          "total": 75
        }
      ],
      "discounts": [
        {
          "name": "5 fruits a day",
          "amount": 100
        },
        {
          "name": "Apples lover",
          "amount": 200
        }
      ],
      "total": 525
    }
  }
}
I, [2020-02-24T13:57:48.378125 #15060]  INFO -- : Received OPTIONS request for mock service administration endpoint GET /interactions/verification. Returning CORS headers: {"Access-Control-Allow-Origin"=>"http://localhost:9876", "Access-Control-Allow-Headers"=>"content-type,x-pact-mock-service", "Access-Control-Allow-Methods"=>"DELETE, POST, GET, HEAD, PUT, TRACE, CONNECT, PATCH"}.
I, [2020-02-24T13:57:48.382478 #15060]  INFO -- : Verifying - interactions matched
I, [2020-02-24T13:57:48.430738 #15060]  INFO -- : Cleared interactions
I, [2020-02-24T13:57:48.442958 #15060]  INFO -- : Received OPTIONS request for mock service administration endpoint POST /pact. Returning CORS headers: {"Access-Control-Allow-Origin"=>"http://localhost:9876", "Access-Control-Allow-Headers"=>"content-type,x-pact-mock-service", "Access-Control-Allow-Methods"=>"DELETE, POST, GET, HEAD, PUT, TRACE, CONNECT, PATCH"}.
I, [2020-02-24T13:57:48.447137 #15060]  INFO -- : Writing pact for receipt-service to /home/max/workspace/conferences/devoxx2020-testing-overview/workshop/fruit-shop-basket/pacts/frint-shop-basket-receipt-service.json
I, [2020-02-24T13:57:48.498155 #15060]  INFO -- : Cleared interactions
I, [2020-02-24T13:57:48.805254 #15060]  INFO -- : Received request POST /api/receipt
D, [2020-02-24T13:57:48.805656 #15060] DEBUG -- : {
  "path": "/api/receipt",
  "query": "",
  "method": "post",
  "body": [
    {
      "fruit": "Pommes",
      "quantity": 12
    },
    {
      "fruit": "Bananes",
      "quantity": 2
    },
    {
      "fruit": "Cerises",
      "quantity": 5
    }
  ],
  "headers": {
    "Content-Length": "100",
    "Content-Type": "application/json",
    "X-Forwarded-Host": "localhost:9876",
    "X-Forwarded-Proto": "http",
    "X-Forwarded-Port": "9876",
    "X-Forwarded-For": "127.0.0.1",
    "Cookie": "io=cg9ND2f31-_-wuMRAAAA",
    "Accept-Language": "fr-FR,fr;q=0.9,en-US;q=0.8,en;q=0.7",
    "Accept-Encoding": "gzip, deflate, br",
    "Referer": "http://localhost:9876/context.html",
    "Sec-Fetch-Mode": "cors",
    "Sec-Fetch-Site": "same-origin",
    "User-Agent": "Mozilla/5.0 (X11; Linux x86_64) AppleWebKit/537.36 (KHTML, like Gecko) Chrome/80.0.3987.116 Safari/537.36",
    "Sec-Fetch-Dest": "empty",
    "Origin": "http://localhost:9876",
    "Accept": "application/json, text/plain, */*",
    "Connection": "close",
    "Host": "localhost:9876",
    "Version": "HTTP/1.1"
  }
}
E, [2020-02-24T13:57:48.805768 #15060] ERROR -- : No matching interaction found for POST /api/receipt
E, [2020-02-24T13:57:48.805838 #15060] ERROR -- : Interaction diffs for that route:
E, [2020-02-24T13:57:48.805877 #15060] ERROR -- : 
I, [2020-02-24T13:58:21.240750 #15060]  INFO -- : Received request POST /api/receipt
D, [2020-02-24T13:58:21.241117 #15060] DEBUG -- : {
  "path": "/api/receipt",
  "query": "",
  "method": "post",
  "body": [
    {
      "fruit": "Pommes",
      "quantity": 12
    },
    {
      "fruit": "Bananes",
      "quantity": 2
    },
    {
      "fruit": "Cerises",
      "quantity": 5
    }
  ],
  "headers": {
    "Content-Length": "100",
    "Content-Type": "application/json",
    "X-Forwarded-Host": "localhost:9876",
    "X-Forwarded-Proto": "http",
    "X-Forwarded-Port": "9876",
    "X-Forwarded-For": "127.0.0.1",
    "Cookie": "io=cg9ND2f31-_-wuMRAAAA",
    "Accept-Language": "fr-FR,fr;q=0.9,en-US;q=0.8,en;q=0.7",
    "Accept-Encoding": "gzip, deflate, br",
    "Referer": "http://localhost:9876/context.html",
    "Sec-Fetch-Mode": "cors",
    "Sec-Fetch-Site": "same-origin",
    "User-Agent": "Mozilla/5.0 (X11; Linux x86_64) AppleWebKit/537.36 (KHTML, like Gecko) Chrome/80.0.3987.116 Safari/537.36",
    "Sec-Fetch-Dest": "empty",
    "Origin": "http://localhost:9876",
    "Accept": "application/json, text/plain, */*",
    "Connection": "close",
    "Host": "localhost:9876",
    "Version": "HTTP/1.1"
  }
}
E, [2020-02-24T13:58:21.241199 #15060] ERROR -- : No matching interaction found for POST /api/receipt
E, [2020-02-24T13:58:21.241232 #15060] ERROR -- : Interaction diffs for that route:
E, [2020-02-24T13:58:21.241265 #15060] ERROR -- : 
I, [2020-02-24T13:58:21.257927 #15060]  INFO -- : Received OPTIONS request for mock service administration endpoint POST /interactions. Returning CORS headers: {"Access-Control-Allow-Origin"=>"http://localhost:9876", "Access-Control-Allow-Headers"=>"content-type,x-pact-mock-service", "Access-Control-Allow-Methods"=>"DELETE, POST, GET, HEAD, PUT, TRACE, CONNECT, PATCH"}.
I, [2020-02-24T13:58:21.263050 #15060]  INFO -- : Registered expected interaction POST /api/receipt
D, [2020-02-24T13:58:21.263440 #15060] DEBUG -- : {
  "description": "Ask for receipt",
  "request": {
    "method": "POST",
    "path": "/api/receipt",
    "body": [
      {
        "fruit": "Pears",
        "quantity": 12
      }
    ]
  },
  "response": {
    "status": 200,
    "headers": {
      "Content-Type": "application/json"
    },
    "body": {
      "json_class": "Pact::SomethingLike",
      "contents": {
        "items": [
          {
            "fruit": "Pommes",
            "quantity": 2,
            "total": 200
          },
          {
            "fruit": "Bananes",
            "quantity": 3,
            "total": 450
          },
          {
            "fruit": "Cerises",
            "quantity": 1,
            "total": 75
          }
        ],
        "discounts": [
          {
            "name": "5 fruits a day",
            "amount": 100
          },
          {
            "name": "Apples lover",
            "amount": 200
          }
        ],
        "total": 525
      }
    }
  },
  "metadata": null
}
I, [2020-02-24T13:58:21.275299 #15060]  INFO -- : Received request POST /api/receipt
D, [2020-02-24T13:58:21.275570 #15060] DEBUG -- : {
  "path": "/api/receipt",
  "query": "",
  "method": "post",
  "body": [
    {
      "fruit": "Pears",
      "quantity": 12
    }
  ],
  "headers": {
    "Content-Length": "33",
    "Content-Type": "application/json",
    "X-Forwarded-Host": "localhost:9876",
    "X-Forwarded-Proto": "http",
    "X-Forwarded-Port": "9876",
    "X-Forwarded-For": "127.0.0.1",
    "Cookie": "io=cg9ND2f31-_-wuMRAAAA",
    "Accept-Language": "fr-FR,fr;q=0.9,en-US;q=0.8,en;q=0.7",
    "Accept-Encoding": "gzip, deflate, br",
    "Referer": "http://localhost:9876/context.html",
    "Sec-Fetch-Mode": "cors",
    "Sec-Fetch-Site": "same-origin",
    "User-Agent": "Mozilla/5.0 (X11; Linux x86_64) AppleWebKit/537.36 (KHTML, like Gecko) Chrome/80.0.3987.116 Safari/537.36",
    "Sec-Fetch-Dest": "empty",
    "Origin": "http://localhost:9876",
    "Accept": "application/json, text/plain, */*",
    "Connection": "close",
    "Host": "localhost:9876",
    "Version": "HTTP/1.1"
  }
}
I, [2020-02-24T13:58:21.276139 #15060]  INFO -- : Found matching response for POST /api/receipt
D, [2020-02-24T13:58:21.276455 #15060] DEBUG -- : {
  "status": 200,
  "headers": {
    "Content-Type": "application/json"
  },
  "body": {
    "json_class": "Pact::SomethingLike",
    "contents": {
      "items": [
        {
          "fruit": "Pommes",
          "quantity": 2,
          "total": 200
        },
        {
          "fruit": "Bananes",
          "quantity": 3,
          "total": 450
        },
        {
          "fruit": "Cerises",
          "quantity": 1,
          "total": 75
        }
      ],
      "discounts": [
        {
          "name": "5 fruits a day",
          "amount": 100
        },
        {
          "name": "Apples lover",
          "amount": 200
        }
      ],
      "total": 525
    }
  }
}
I, [2020-02-24T13:58:21.284362 #15060]  INFO -- : Received OPTIONS request for mock service administration endpoint GET /interactions/verification. Returning CORS headers: {"Access-Control-Allow-Origin"=>"http://localhost:9876", "Access-Control-Allow-Headers"=>"content-type,x-pact-mock-service", "Access-Control-Allow-Methods"=>"DELETE, POST, GET, HEAD, PUT, TRACE, CONNECT, PATCH"}.
W, [2020-02-24T13:58:21.288668 #15060]  WARN -- : Verifying - actual interactions do not match expected interactions. 
Unexpected requests:
	POST /api/receipt
	POST /api/receipt


W, [2020-02-24T13:58:21.288753 #15060]  WARN -- : Unexpected requests:
	POST /api/receipt
	POST /api/receipt


I, [2020-02-24T13:58:21.381494 #15060]  INFO -- : Received OPTIONS request for mock service administration endpoint POST /pact. Returning CORS headers: {"Access-Control-Allow-Origin"=>"http://localhost:9876", "Access-Control-Allow-Headers"=>"content-type,x-pact-mock-service", "Access-Control-Allow-Methods"=>"DELETE, POST, GET, HEAD, PUT, TRACE, CONNECT, PATCH"}.
I, [2020-02-24T13:58:21.388706 #15060]  INFO -- : Writing pact for receipt-service to /home/max/workspace/conferences/devoxx2020-testing-overview/workshop/fruit-shop-basket/pacts/fruit-shop-basket-receipt-service.json
I, [2020-02-24T13:58:21.395753 #15060]  INFO -- : Cleared interactions
I, [2020-02-24T13:58:22.242015 #15060]  INFO -- : Cleared interactions
